2022-11-14 02:35:23,789 [INFO] Activator:177 - 


2022-11-14 02:35:23,820 [INFO] Activator:178 - !SESSION log4j initialized
2022-11-14 11:47:18,744 [INFO] Activator:177 - 


2022-11-14 11:47:18,746 [INFO] Activator:178 - !SESSION log4j initialized
2022-11-14 13:23:15,361 [INFO] McuFinderGlobals:39 - Set McuFinder mode to 2 (CubeIDE integrated)
2022-11-14 13:23:16,826 [INFO] ApplicationProperties:181 - Using Application install path: D:\Programs\STM32\STM32CubeIDE_1.7.0\STM32CubeIDE\plugins\com.st.stm32cube.common.mx_6.3.0.202107141111
2022-11-14 13:23:16,843 [INFO] DbMcusXml:74 - Set database path to: D:\Programs\STM32\STM32CubeIDE_1.7.0\STM32CubeIDE\plugins\com.st.stm32cube.common.mx_6.3.0.202107141111\\db\/mcu/
2022-11-14 13:23:16,849 [INFO] DbBoardsPdsc:56 - Set plugin database path to: D:\Programs\STM32\STM32CubeIDE_1.7.0\STM32CubeIDE\plugins\com.st.stm32cube.common.mx_6.3.0.202107141111\\db\/plugins/boardmanager/
2022-11-14 13:23:16,850 [INFO] DbMcus:258 - Set plugin images path to: D:\Programs\STM32\STM32CubeIDE_1.7.0\STM32CubeIDE\plugins\com.st.stm32cube.common.mx_6.3.0.202107141111\\db\/plugins/mcufinder/images/
2022-11-14 13:23:16,850 [INFO] DbBoards:264 - Set plugin images path to: D:\Programs\STM32\STM32CubeIDE_1.7.0\STM32CubeIDE\plugins\com.st.stm32cube.common.mx_6.3.0.202107141111\\db\/plugins/mcufinder/images/
2022-11-14 13:23:16,854 [INFO] DbExamples:333 - Set plugin images path to: D:\Programs\STM32\STM32CubeIDE_1.7.0\STM32CubeIDE\plugins\com.st.stm32cube.common.mx_6.3.0.202107141111\\db\/plugins/mcufinder/images/
2022-11-14 13:23:16,864 [INFO] DbMcusAds:119 - Set database path to: C:\Users\dell\.stmcufinder\plugins\mcufinder//mcu/
2022-11-14 13:23:16,866 [INFO] DbMcusDocs:110 - Set database path to: C:\Users\dell\.stmcufinder\plugins\mcufinder//mcu/
2022-11-14 13:23:16,869 [INFO] DbMcusJson:64 - Set database path to: C:\Users\dell\.stmcufinder\plugins\mcufinder//mcu/
2022-11-14 13:23:16,870 [INFO] DbBoardsDocs:110 - Set database path to: C:\Users\dell\.stmcufinder\plugins\mcufinder//mcu/
2022-11-14 13:23:16,872 [INFO] DbBoardsJson:57 - Set database path to: C:\Users\dell\.stmcufinder\plugins\mcufinder//mcu/
2022-11-14 13:23:16,962 [INFO] CrossReferenceDbSqlite:196 - Set database path to: C:\Users\dell\.stmcufinder\plugins\mcufinder//mcu/cs/
2022-11-14 13:23:16,967 [INFO] DbExamplesSqlite:767 - Set database path to: C:\Users\dell\.stmcufinder\plugins\mcufinder//mcu/
2022-11-14 13:23:17,137 [INFO] RulesReader:57 - Compatibility file has been processed (242 Rules)
2022-11-14 13:23:17,264 [INFO] DbMcusXml:74 - Set database path to: D:\Programs\STM32\STM32CubeIDE_1.7.0\STM32CubeIDE\plugins\com.st.stm32cube.common.mx_6.3.0.202107141111\\db\/mcu/
2022-11-14 13:23:17,266 [INFO] DbBoardsPdsc:56 - Set plugin database path to: D:\Programs\STM32\STM32CubeIDE_1.7.0\STM32CubeIDE\plugins\com.st.stm32cube.common.mx_6.3.0.202107141111\\db\/plugins/boardmanager/
2022-11-14 13:23:17,266 [INFO] DbMcus:258 - Set plugin images path to: D:\Programs\STM32\STM32CubeIDE_1.7.0\STM32CubeIDE\plugins\com.st.stm32cube.common.mx_6.3.0.202107141111\\db\/plugins/mcufinder/images/
2022-11-14 13:23:17,267 [INFO] DbBoards:264 - Set plugin images path to: D:\Programs\STM32\STM32CubeIDE_1.7.0\STM32CubeIDE\plugins\com.st.stm32cube.common.mx_6.3.0.202107141111\\db\/plugins/mcufinder/images/
2022-11-14 13:23:17,267 [INFO] DbExamples:333 - Set plugin images path to: D:\Programs\STM32\STM32CubeIDE_1.7.0\STM32CubeIDE\plugins\com.st.stm32cube.common.mx_6.3.0.202107141111\\db\/plugins/mcufinder/images/
2022-11-14 13:23:17,267 [WARN] DbFile:35 - Overriding database path with different value: C:\Users\dell\.stmcufinder\plugins\mcufinder/ => C:\Users\dell\.stmcufinder\plugins\mcufinder
2022-11-14 13:23:17,267 [INFO] DbMcusAds:119 - Set database path to: C:\Users\dell\.stmcufinder\plugins\mcufinder//mcu/
2022-11-14 13:23:17,267 [WARN] DbFile:35 - Overriding database path with different value: C:\Users\dell\.stmcufinder\plugins\mcufinder/ => C:\Users\dell\.stmcufinder\plugins\mcufinder
2022-11-14 13:23:17,268 [INFO] DbMcusDocs:110 - Set database path to: C:\Users\dell\.stmcufinder\plugins\mcufinder//mcu/
2022-11-14 13:23:17,268 [WARN] DbFile:35 - Overriding database path with different value: C:\Users\dell\.stmcufinder\plugins\mcufinder/ => C:\Users\dell\.stmcufinder\plugins\mcufinder
2022-11-14 13:23:17,268 [INFO] DbMcusJson:64 - Set database path to: C:\Users\dell\.stmcufinder\plugins\mcufinder//mcu/
2022-11-14 13:23:17,268 [WARN] DbFile:35 - Overriding database path with different value: C:\Users\dell\.stmcufinder\plugins\mcufinder/ => C:\Users\dell\.stmcufinder\plugins\mcufinder
2022-11-14 13:23:17,268 [INFO] DbBoardsDocs:110 - Set database path to: C:\Users\dell\.stmcufinder\plugins\mcufinder//mcu/
2022-11-14 13:23:17,269 [WARN] DbFile:35 - Overriding database path with different value: C:\Users\dell\.stmcufinder\plugins\mcufinder/ => C:\Users\dell\.stmcufinder\plugins\mcufinder
2022-11-14 13:23:17,269 [INFO] DbBoardsJson:57 - Set database path to: C:\Users\dell\.stmcufinder\plugins\mcufinder//mcu/
2022-11-14 13:23:17,269 [WARN] DbFile:35 - Overriding database path with different value: C:\Users\dell\.stmcufinder\plugins\mcufinder/ => C:\Users\dell\.stmcufinder\plugins\mcufinder
2022-11-14 13:23:17,269 [WARN] DbFile:35 - Overriding database path with different value: C:\Users\dell\.stmcufinder\plugins\mcufinder/ => C:\Users\dell\.stmcufinder\plugins\mcufinder
2022-11-14 13:23:17,269 [INFO] CrossReferenceDbSqlite:196 - Set database path to: C:\Users\dell\.stmcufinder\plugins\mcufinder//mcu/cs/
2022-11-14 13:23:17,269 [WARN] DbFile:35 - Overriding database path with different value: C:\Users\dell\.stmcufinder\plugins\mcufinder/ => C:\Users\dell\.stmcufinder\plugins\mcufinder
2022-11-14 13:23:17,270 [INFO] DbExamplesSqlite:767 - Set database path to: C:\Users\dell\.stmcufinder\plugins\mcufinder//mcu/
2022-11-14 13:23:17,366 [INFO] MainPanel:214 - HeapMemory: 667942912
2022-11-14 13:23:17,474 [INFO] DbMcusXml:74 - Set database path to: D:\Programs\STM32\STM32CubeIDE_1.7.0\STM32CubeIDE\plugins\com.st.stm32cube.common.mx_6.3.0.202107141111\\db\/mcu/
2022-11-14 13:23:17,474 [INFO] DbBoardsPdsc:56 - Set plugin database path to: D:\Programs\STM32\STM32CubeIDE_1.7.0\STM32CubeIDE\plugins\com.st.stm32cube.common.mx_6.3.0.202107141111\\db\/plugins/boardmanager/
2022-11-14 13:23:17,474 [INFO] DbMcus:258 - Set plugin images path to: D:\Programs\STM32\STM32CubeIDE_1.7.0\STM32CubeIDE\plugins\com.st.stm32cube.common.mx_6.3.0.202107141111\\db\/plugins/mcufinder/images/
2022-11-14 13:23:17,474 [INFO] DbBoards:264 - Set plugin images path to: D:\Programs\STM32\STM32CubeIDE_1.7.0\STM32CubeIDE\plugins\com.st.stm32cube.common.mx_6.3.0.202107141111\\db\/plugins/mcufinder/images/
2022-11-14 13:23:17,474 [INFO] DbExamples:333 - Set plugin images path to: D:\Programs\STM32\STM32CubeIDE_1.7.0\STM32CubeIDE\plugins\com.st.stm32cube.common.mx_6.3.0.202107141111\\db\/plugins/mcufinder/images/
2022-11-14 13:23:17,475 [WARN] DbFile:35 - Overriding database path with different value: C:\Users\dell\.stmcufinder\plugins\mcufinder/ => C:\Users\dell\.stmcufinder\plugins\mcufinder
2022-11-14 13:23:17,475 [INFO] DbMcusAds:119 - Set database path to: C:\Users\dell\.stmcufinder\plugins\mcufinder//mcu/
2022-11-14 13:23:17,476 [WARN] DbFile:35 - Overriding database path with different value: C:\Users\dell\.stmcufinder\plugins\mcufinder/ => C:\Users\dell\.stmcufinder\plugins\mcufinder
2022-11-14 13:23:17,476 [INFO] DbMcusDocs:110 - Set database path to: C:\Users\dell\.stmcufinder\plugins\mcufinder//mcu/
2022-11-14 13:23:17,476 [WARN] DbFile:35 - Overriding database path with different value: C:\Users\dell\.stmcufinder\plugins\mcufinder/ => C:\Users\dell\.stmcufinder\plugins\mcufinder
2022-11-14 13:23:17,476 [INFO] DbMcusJson:64 - Set database path to: C:\Users\dell\.stmcufinder\plugins\mcufinder//mcu/
2022-11-14 13:23:17,476 [WARN] DbFile:35 - Overriding database path with different value: C:\Users\dell\.stmcufinder\plugins\mcufinder/ => C:\Users\dell\.stmcufinder\plugins\mcufinder
2022-11-14 13:23:17,476 [INFO] DbBoardsDocs:110 - Set database path to: C:\Users\dell\.stmcufinder\plugins\mcufinder//mcu/
2022-11-14 13:23:17,477 [WARN] DbFile:35 - Overriding database path with different value: C:\Users\dell\.stmcufinder\plugins\mcufinder/ => C:\Users\dell\.stmcufinder\plugins\mcufinder
2022-11-14 13:23:17,477 [INFO] DbBoardsJson:57 - Set database path to: C:\Users\dell\.stmcufinder\plugins\mcufinder//mcu/
2022-11-14 13:23:17,477 [WARN] DbFile:35 - Overriding database path with different value: C:\Users\dell\.stmcufinder\plugins\mcufinder/ => C:\Users\dell\.stmcufinder\plugins\mcufinder
2022-11-14 13:23:17,477 [WARN] DbFile:35 - Overriding database path with different value: C:\Users\dell\.stmcufinder\plugins\mcufinder/ => C:\Users\dell\.stmcufinder\plugins\mcufinder
2022-11-14 13:23:17,477 [INFO] CrossReferenceDbSqlite:196 - Set database path to: C:\Users\dell\.stmcufinder\plugins\mcufinder//mcu/cs/
2022-11-14 13:23:17,478 [WARN] DbFile:35 - Overriding database path with different value: C:\Users\dell\.stmcufinder\plugins\mcufinder/ => C:\Users\dell\.stmcufinder\plugins\mcufinder
2022-11-14 13:23:17,478 [INFO] DbExamplesSqlite:767 - Set database path to: C:\Users\dell\.stmcufinder\plugins\mcufinder//mcu/
2022-11-14 13:23:17,499 [INFO] ApplicationProperties:181 - Using Application install path: D:\Programs\STM32\STM32CubeIDE_1.7.0\STM32CubeIDE\plugins\com.st.stm32cube.common.mx_6.3.0.202107141111
2022-11-14 13:23:17,500 [INFO] PluginManage:188 - Search for loadable plugins [exclusion list=, ]
2022-11-14 13:23:17,502 [INFO] PluginManage:302 - Check plugin analytics
2022-11-14 13:23:22,293 [INFO] AnalyticsPlugin:257 - Accepted Software Licenses: 
2022-11-14 13:23:22,294 [INFO] AnalyticsPlugin:259 - Accepted CMSIS Pack Licenses: 
2022-11-14 13:23:22,295 [INFO] AnalyticsPlugin:261 - Accepted Firmware Licenses: 
2022-11-14 13:23:22,296 [INFO] PluginManage:352 - Loaded plugin analytics (category:tool,tabindex:-1)
2022-11-14 13:23:22,296 [INFO] PluginManage:302 - Check plugin clock
2022-11-14 13:23:22,315 [INFO] PluginManage:352 - Loaded plugin clock (category:base,tabindex:2)
2022-11-14 13:23:22,316 [INFO] PluginManage:302 - Check plugin ddr
2022-11-14 13:23:22,318 [INFO] PluginManage:352 - Loaded plugin ddr (category:tool,tabindex:6)
2022-11-14 13:23:22,318 [INFO] PluginManage:302 - Check plugin filemanager
2022-11-14 13:23:22,489 [INFO] PluginManage:352 - Loaded plugin filemanager (category:base,tabindex:10)
2022-11-14 13:23:22,490 [INFO] PluginManage:302 - Check plugin ipmanager
2022-11-14 13:23:22,517 [INFO] PluginManage:352 - Loaded plugin ipmanager (category:base,tabindex:5)
2022-11-14 13:23:22,517 [INFO] PluginManage:302 - Check plugin pinoutandconfiguration
2022-11-14 13:23:22,532 [INFO] PluginManage:352 - Loaded plugin pinoutandconfiguration (category:base,tabindex:1)
2022-11-14 13:23:22,532 [INFO] PluginManage:302 - Check plugin pinoutconfig
2022-11-14 13:23:22,577 [INFO] PluginManage:352 - Loaded plugin pinoutconfig (category:base,tabindex:0)
2022-11-14 13:23:22,578 [INFO] PluginManage:302 - Check plugin power
2022-11-14 13:23:22,592 [INFO] PluginManage:352 - Loaded plugin power (category:power,tabindex:4)
2022-11-14 13:23:22,593 [INFO] PluginManage:302 - Check plugin projectmanager
2022-11-14 13:23:22,618 [INFO] PluginManage:352 - Loaded plugin projectmanager (category:projectmanager,tabindex:3)
2022-11-14 13:23:22,619 [INFO] PluginManage:302 - Check plugin thirdparty
2022-11-14 13:23:22,821 [WARN] IntegrityCheckThread:78 - waiting for thirdparty lock release [integrity check]
2022-11-14 13:23:22,822 [INFO] IntegrityCheckThread:80 - entering critical section [integrity check]
2022-11-14 13:23:22,822 [INFO] PluginManage:352 - Loaded plugin thirdparty (category:base,tabindex:-1)
2022-11-14 13:23:22,823 [INFO] PluginManage:302 - Check plugin tools
2022-11-14 13:23:22,822 [INFO] ThirdPartyUpdaterWithRetryManager:66 - Updater plugin not ready yet. [1/15]
2022-11-14 13:23:22,827 [INFO] PluginManage:352 - Loaded plugin tools (category:base,tabindex:7)
2022-11-14 13:23:22,828 [INFO] PluginManage:302 - Check plugin tutovideos
2022-11-14 13:23:23,099 [INFO] PluginManage:352 - Loaded plugin tutovideos (category:base,tabindex:-1)
2022-11-14 13:23:23,099 [INFO] PluginManage:302 - Check plugin updater
2022-11-14 13:23:23,115 [INFO] PluginManage:352 - Loaded plugin updater (category:base,tabindex:12)
2022-11-14 13:23:23,116 [INFO] PluginManage:275 - PluginManage : Loaded plugins [13]
2022-11-14 13:23:23,333 [INFO] PinOutPanel:1463 - setPackage(No Configuration,No Configuration)
2022-11-14 13:23:23,457 [INFO] IPUIPlugin:74 - create IPUIPlugin
2022-11-14 13:23:23,458 [INFO] PluginManager:213 - loadIPPluginJar : add adc
2022-11-14 13:23:23,463 [INFO] IPUIPlugin:74 - create IPUIPlugin
2022-11-14 13:23:23,463 [INFO] PluginManager:213 - loadIPPluginJar : add aes
2022-11-14 13:23:23,468 [INFO] IPUIPlugin:74 - create IPUIPlugin
2022-11-14 13:23:23,469 [INFO] PluginManager:213 - loadIPPluginJar : add can
2022-11-14 13:23:23,472 [INFO] IPUIPlugin:74 - create IPUIPlugin
2022-11-14 13:23:23,472 [INFO] PluginManager:213 - loadIPPluginJar : add comp
2022-11-14 13:23:23,478 [INFO] IPUIPlugin:74 - create IPUIPlugin
2022-11-14 13:23:23,478 [INFO] PluginManager:213 - loadIPPluginJar : add cryp
2022-11-14 13:23:23,482 [INFO] IPUIPlugin:74 - create IPUIPlugin
2022-11-14 13:23:23,482 [INFO] PluginManager:213 - loadIPPluginJar : add dfsdm
2022-11-14 13:23:23,491 [INFO] IPUIPlugin:74 - create IPUIPlugin
2022-11-14 13:23:23,492 [INFO] PluginManager:213 - loadIPPluginJar : add dma
2022-11-14 13:23:23,497 [INFO] IPUIPlugin:74 - create IPUIPlugin
2022-11-14 13:23:23,497 [INFO] PluginManager:213 - loadIPPluginJar : add dma3
2022-11-14 13:23:23,500 [INFO] IPUIPlugin:74 - create IPUIPlugin
2022-11-14 13:23:23,500 [INFO] PluginManager:213 - loadIPPluginJar : add fatfs
2022-11-14 13:23:23,508 [INFO] IPUIPlugin:74 - create IPUIPlugin
2022-11-14 13:23:23,508 [INFO] PluginManager:213 - loadIPPluginJar : add fmc
2022-11-14 13:23:23,517 [INFO] IPUIPlugin:74 - create IPUIPlugin
2022-11-14 13:23:23,517 [INFO] PluginManager:213 - loadIPPluginJar : add freertos
2022-11-14 13:23:23,521 [INFO] IPUIPlugin:74 - create IPUIPlugin
2022-11-14 13:23:23,521 [INFO] PluginManager:213 - loadIPPluginJar : add genericplugin
2022-11-14 13:23:23,525 [INFO] IPUIPlugin:74 - create IPUIPlugin
2022-11-14 13:23:23,526 [INFO] PluginManager:213 - loadIPPluginJar : add gfxmmu
2022-11-14 13:23:23,533 [INFO] IPUIPlugin:74 - create IPUIPlugin
2022-11-14 13:23:23,534 [INFO] PluginManager:213 - loadIPPluginJar : add gic
2022-11-14 13:23:23,540 [INFO] IPUIPlugin:74 - create IPUIPlugin
2022-11-14 13:23:23,540 [INFO] PluginManager:213 - loadIPPluginJar : add gpio
2022-11-14 13:23:23,545 [INFO] IPUIPlugin:74 - create IPUIPlugin
2022-11-14 13:23:23,546 [INFO] PluginManager:213 - loadIPPluginJar : add gtzc
2022-11-14 13:23:23,550 [INFO] IPUIPlugin:74 - create IPUIPlugin
2022-11-14 13:23:23,550 [INFO] PluginManager:213 - loadIPPluginJar : add hash
2022-11-14 13:23:23,554 [INFO] IPUIPlugin:74 - create IPUIPlugin
2022-11-14 13:23:23,555 [INFO] PluginManager:213 - loadIPPluginJar : add i2c
2022-11-14 13:23:23,559 [INFO] IPUIPlugin:74 - create IPUIPlugin
2022-11-14 13:23:23,560 [INFO] PluginManager:213 - loadIPPluginJar : add i2s
2022-11-14 13:23:23,565 [INFO] IPUIPlugin:74 - create IPUIPlugin
2022-11-14 13:23:23,566 [INFO] PluginManager:213 - loadIPPluginJar : add ipddr
2022-11-14 13:23:23,575 [INFO] IPUIPlugin:74 - create IPUIPlugin
2022-11-14 13:23:23,576 [INFO] PluginManager:213 - loadIPPluginJar : add linkedlist
2022-11-14 13:23:23,580 [INFO] IPUIPlugin:74 - create IPUIPlugin
2022-11-14 13:23:23,580 [INFO] PluginManager:213 - loadIPPluginJar : add lorawan
2022-11-14 13:23:23,584 [INFO] IPUIPlugin:74 - create IPUIPlugin
2022-11-14 13:23:23,584 [INFO] PluginManager:213 - loadIPPluginJar : add ltdc
2022-11-14 13:23:23,590 [INFO] IPUIPlugin:74 - create IPUIPlugin
2022-11-14 13:23:23,590 [INFO] PluginManager:213 - loadIPPluginJar : add mdma
2022-11-14 13:23:23,596 [INFO] IPUIPlugin:74 - create IPUIPlugin
2022-11-14 13:23:23,597 [INFO] PluginManager:213 - loadIPPluginJar : add nvic
2022-11-14 13:23:23,602 [INFO] IPUIPlugin:74 - create IPUIPlugin
2022-11-14 13:23:23,602 [INFO] PluginManager:213 - loadIPPluginJar : add opamp
2022-11-14 13:23:23,607 [INFO] IPUIPlugin:74 - create IPUIPlugin
2022-11-14 13:23:23,607 [INFO] PluginManager:213 - loadIPPluginJar : add openamp
2022-11-14 13:23:23,613 [INFO] IPUIPlugin:74 - create IPUIPlugin
2022-11-14 13:23:23,613 [INFO] PluginManager:213 - loadIPPluginJar : add pdm2pcm
2022-11-14 13:23:23,623 [INFO] IPUIPlugin:74 - create IPUIPlugin
2022-11-14 13:23:23,627 [INFO] PluginManager:213 - loadIPPluginJar : add plateformsettings
2022-11-14 13:23:23,631 [INFO] IPUIPlugin:74 - create IPUIPlugin
2022-11-14 13:23:23,631 [INFO] PluginManager:213 - loadIPPluginJar : add quadspi
2022-11-14 13:23:23,638 [INFO] IPUIPlugin:74 - create IPUIPlugin
2022-11-14 13:23:23,638 [INFO] PluginManager:213 - loadIPPluginJar : add resmgrutility
2022-11-14 13:23:23,643 [INFO] IPUIPlugin:74 - create IPUIPlugin
2022-11-14 13:23:23,644 [INFO] PluginManager:213 - loadIPPluginJar : add sai
2022-11-14 13:23:23,650 [INFO] IPUIPlugin:74 - create IPUIPlugin
2022-11-14 13:23:23,650 [INFO] PluginManager:213 - loadIPPluginJar : add spi
2022-11-14 13:23:23,657 [INFO] IPUIPlugin:74 - create IPUIPlugin
2022-11-14 13:23:23,658 [INFO] PluginManager:213 - loadIPPluginJar : add stm32_wpan
2022-11-14 13:23:23,661 [INFO] IPUIPlugin:74 - create IPUIPlugin
2022-11-14 13:23:23,661 [INFO] PluginManager:213 - loadIPPluginJar : add tim
2022-11-14 13:23:23,667 [INFO] IPUIPlugin:74 - create IPUIPlugin
2022-11-14 13:23:23,667 [INFO] PluginManager:213 - loadIPPluginJar : add touchsensing
2022-11-14 13:23:23,670 [INFO] IPUIPlugin:74 - create IPUIPlugin
2022-11-14 13:23:23,671 [INFO] PluginManager:213 - loadIPPluginJar : add tracer_emb
2022-11-14 13:23:23,674 [INFO] IPUIPlugin:74 - create IPUIPlugin
2022-11-14 13:23:23,675 [INFO] PluginManager:213 - loadIPPluginJar : add ts
2022-11-14 13:23:23,679 [INFO] IPUIPlugin:74 - create IPUIPlugin
2022-11-14 13:23:23,679 [INFO] PluginManager:213 - loadIPPluginJar : add tsc
2022-11-14 13:23:23,683 [INFO] IPUIPlugin:74 - create IPUIPlugin
2022-11-14 13:23:23,684 [INFO] PluginManager:213 - loadIPPluginJar : add ucpd
2022-11-14 13:23:23,688 [INFO] IPUIPlugin:74 - create IPUIPlugin
2022-11-14 13:23:23,689 [INFO] PluginManager:213 - loadIPPluginJar : add usart
2022-11-14 13:23:23,694 [INFO] IPUIPlugin:74 - create IPUIPlugin
2022-11-14 13:23:23,694 [INFO] PluginManager:213 - loadIPPluginJar : add usbx
2022-11-14 13:23:24,104 [FATAL] Updater:294 - Updater called before beeing initialized
2022-11-14 13:23:24,259 [FATAL] Updater:294 - Updater called before beeing initialized
2022-11-14 13:23:24,269 [INFO] DbMcusAds:47 - JSON generation date=Thu Sep 30 13:56:37 ICT 2021 (1632984997303)
2022-11-14 13:23:24,269 [FATAL] Updater:294 - Updater called before beeing initialized
2022-11-14 13:23:24,321 [WARN] DetailPanel:314 - Failed to get advertising image, set to default
2022-11-14 13:23:24,447 [FATAL] Updater:294 - Updater called before beeing initialized
2022-11-14 13:23:24,450 [FATAL] Updater:294 - Updater called before beeing initialized
2022-11-14 13:23:24,450 [FATAL] Updater:294 - Updater called before beeing initialized
2022-11-14 13:23:24,450 [WARN] DetailPanel:314 - Failed to get advertising image, set to default
2022-11-14 13:23:24,452 [FATAL] Updater:294 - Updater called before beeing initialized
2022-11-14 13:23:24,536 [ERROR] Updater:1075 - MainUpdater not yet initialized. External WinMGr cannot be set.
2022-11-14 13:23:24,539 [INFO] Updater:1012 - Updater Version found : 6.3.0
2022-11-14 13:23:24,565 [INFO] ApplicationProperties:181 - Using Application install path: D:\Programs\STM32\STM32CubeIDE_1.7.0\STM32CubeIDE\plugins\com.st.stm32cube.common.mx_6.3.0.202107141111
2022-11-14 13:23:24,793 [INFO] MainUpdater:2671 - connection check result : 10
2022-11-14 13:23:24,796 [INFO] MainUpdater:265 - Updater Check For Update Now.
2022-11-14 13:23:24,797 [INFO] MicroXplorer:478 - Change Database Version : DB.6.0.30
2022-11-14 13:23:24,992 [INFO] CheckServerUpdateThread:112 - End of CheckServer Thread
2022-11-14 13:23:25,018 [INFO] MainUpdater:2671 - connection check result : 10
2022-11-14 13:23:25,021 [INFO] MainUpdater:2671 - connection check result : 10
2022-11-14 13:23:25,143 [INFO] MicroXplorer:448 - Change Database Path : 
2022-11-14 13:23:25,144 [INFO] MicroXplorer:478 - Change Database Version : DB.6.0.30
2022-11-14 13:23:25,146 [WARN] ThirdParty:813 - waiting for thirdparty lock release [close project]
2022-11-14 13:23:26,032 [WARN] PackLoader:238 - Cannot read IP mode file for STMicroelectronics.X-CUBE-AZRTOS-F4.1.1.0
2022-11-14 13:23:26,050 [WARN] PackLoader:238 - Cannot read IP mode file for STMicroelectronics.X-CUBE-BLEMGR.1.2.0
2022-11-14 13:23:26,083 [WARN] PackLoader:238 - Cannot read IP mode file for STMicroelectronics.X-CUBE-AZRTOS-F7.1.1.0
2022-11-14 13:23:26,112 [WARN] PackLoader:238 - Cannot read IP mode file for STMicroelectronics.X-CUBE-NFC4.2.0.4
2022-11-14 13:23:26,126 [WARN] PackLoader:238 - Cannot read IP mode file for STMicroelectronics.X-CUBE-TOF1.3.1.0
2022-11-14 13:23:26,138 [WARN] PackLoader:238 - Cannot read IP mode file for wolfSSL.I-CUBE-wolfSSL.5.5.1
2022-11-14 13:23:26,146 [WARN] PackLoader:238 - Cannot read IP mode file for STMicroelectronics.X-CUBE-NFC7.1.0.0
2022-11-14 13:23:26,154 [WARN] PackLoader:238 - Cannot read IP mode file for STMicroelectronics.X-CUBE-AI.7.2.0
2022-11-14 13:23:26,163 [WARN] PackLoader:238 - Cannot read IP mode file for STMicroelectronics.X-CUBE-SFXS2LP1.4.0.0
2022-11-14 13:23:26,178 [WARN] PackLoader:238 - Cannot read IP mode file for STMicroelectronics.X-CUBE-TOF1.3.2.0
2022-11-14 13:23:26,192 [WARN] PackLoader:238 - Cannot read IP mode file for STMicroelectronics.X-CUBE-ISPU.1.0.0
2022-11-14 13:23:26,197 [WARN] PackLoader:238 - Cannot read IP mode file for STMicroelectronics.X-CUBE-ISPU.1.1.0
2022-11-14 13:23:26,208 [WARN] PackLoader:238 - Cannot read IP mode file for RoweBots.I-CUBE-UNISONRTOS.5.5.0-4
2022-11-14 13:23:26,252 [WARN] PackLoader:238 - Cannot read IP mode file for STMicroelectronics.X-CUBE-AZRTOS-H7.2.1.0
2022-11-14 13:23:26,267 [WARN] PackLoader:238 - Cannot read IP mode file for STMicroelectronics.X-CUBE-BLEMGR.1.0.0
2022-11-14 13:23:26,275 [WARN] PackLoader:238 - Cannot read IP mode file for STMicroelectronics.X-CUBE-AI.7.3.0
2022-11-14 13:23:26,283 [WARN] PackLoader:238 - Cannot read IP mode file for STMicroelectronics.X-CUBE-ALGOBUILD.1.3.0
2022-11-14 13:23:26,315 [WARN] PackLoader:238 - Cannot read IP mode file for STMicroelectronics.X-CUBE-AZRTOS-G0.1.1.0
2022-11-14 13:23:26,346 [WARN] PackLoader:238 - Cannot read IP mode file for STMicroelectronics.X-CUBE-SUBG2.5.0.0
2022-11-14 13:23:26,403 [WARN] PackLoader:238 - Cannot read IP mode file for SEGGER.I-CUBE-embOS.1.2.1
2022-11-14 13:23:26,501 [WARN] PackLoader:238 - Cannot read IP mode file for STMicroelectronics.X-CUBE-AZRTOS-G4.1.0.0
2022-11-14 13:23:26,510 [WARN] PackLoader:238 - Cannot read IP mode file for STMicroelectronics.FP-ATR-SIGFOX1.3.2.0
2022-11-14 13:23:26,534 [WARN] PackLoader:238 - Cannot read IP mode file for STMicroelectronics.X-CUBE-AZRTOS-L4.1.0.0
2022-11-14 13:23:26,550 [WARN] PackLoader:238 - Cannot read IP mode file for emotas.I-CUBE-CANOPEN.1.1.2
2022-11-14 13:23:26,556 [WARN] PackLoader:238 - Cannot read IP mode file for STMicroelectronics.X-CUBE-TOUCHGFX.4.20.0
2022-11-14 13:23:26,572 [WARN] PackLoader:238 - Cannot read IP mode file for STMicroelectronics.X-CUBE-AZRTOS-WL.1.0.0
2022-11-14 13:23:26,582 [WARN] PackLoader:238 - Cannot read IP mode file for portGmbH.I-Cube-SoM-uGOAL.1.1.0
2022-11-14 13:23:26,604 [WARN] PackLoader:238 - Cannot read IP mode file for STMicroelectronics.X-CUBE-AZRTOS-L5.1.0.0
2022-11-14 13:23:26,616 [INFO] ThirdParty:915 - Integrity check success = true
2022-11-14 13:23:26,616 [INFO] IntegrityCheckThread:94 - exiting critical section [integrity check]
2022-11-14 13:23:26,616 [INFO] IntegrityCheckThread:97 - End integrity checks thread
2022-11-14 13:23:26,616 [INFO] ThirdParty:815 - entering critical section [close project]
2022-11-14 13:23:26,618 [INFO] ThirdParty:825 - exiting critical section [close project]
2022-11-14 13:23:26,624 [INFO] PinOutPanel:1463 - setPackage(No Configuration,No Configuration)
2022-11-14 13:23:26,625 [INFO] UtilMem:74 - Begin LoadConfig() Used Memory: 555515896 Bytes (667942912)
2022-11-14 13:23:26,627 [INFO] MicroXplorer:448 - Change Database Path : 
2022-11-14 13:23:26,627 [INFO] MicroXplorer:478 - Change Database Version : DB.6.0.30
2022-11-14 13:23:26,627 [INFO] OpenFileManager:313 - Change cursor
2022-11-14 13:23:28,696 [INFO] Context:592 - Trying to add GPIOservice into a context  which must be forbidden
2022-11-14 13:23:29,068 [WARN] ModelIntegratedComponent:60 - No mode defined for component null
2022-11-14 13:23:29,068 [WARN] ModelIntegratedComponent:60 - No mode defined for component null
2022-11-14 13:23:29,068 [WARN] ModelIntegratedComponent:60 - No mode defined for component null
2022-11-14 13:23:29,068 [WARN] ModelIntegratedComponent:60 - No mode defined for component null
2022-11-14 13:23:29,068 [WARN] ModelIntegratedComponent:60 - No mode defined for component null
2022-11-14 13:23:29,068 [WARN] ModelIntegratedComponent:60 - No mode defined for component null
2022-11-14 13:23:29,068 [WARN] ModelIntegratedComponent:60 - No mode defined for component null
2022-11-14 13:23:29,068 [WARN] ModelIntegratedComponent:60 - No mode defined for component null
2022-11-14 13:23:29,069 [WARN] ModelIntegratedComponent:60 - No mode defined for component null
2022-11-14 13:23:29,069 [WARN] ModelIntegratedComponent:60 - No mode defined for component null
2022-11-14 13:23:29,069 [WARN] ModelIntegratedComponent:60 - No mode defined for component null
2022-11-14 13:23:29,069 [WARN] ModelIntegratedComponent:60 - No mode defined for component null
2022-11-14 13:23:29,069 [WARN] ModelIntegratedComponent:60 - No mode defined for component null
2022-11-14 13:23:29,069 [WARN] ModelIntegratedComponent:60 - No mode defined for component null
2022-11-14 13:23:29,069 [WARN] ModelIntegratedComponent:60 - No mode defined for component null
2022-11-14 13:23:29,069 [WARN] ModelIntegratedComponent:60 - No mode defined for component null
2022-11-14 13:23:29,069 [WARN] ModelIntegratedComponent:60 - No mode defined for component null
2022-11-14 13:23:29,069 [WARN] ModelIntegratedComponent:60 - No mode defined for component null
2022-11-14 13:23:29,070 [WARN] ModelIntegratedComponent:60 - No mode defined for component null
2022-11-14 13:23:29,070 [WARN] ModelIntegratedComponent:60 - No mode defined for component null
2022-11-14 13:23:29,070 [WARN] ModelIntegratedComponent:60 - No mode defined for component null
2022-11-14 13:23:29,070 [WARN] ModelIntegratedComponent:60 - No mode defined for component null
2022-11-14 13:23:29,070 [WARN] ModelIntegratedComponent:60 - No mode defined for component null
2022-11-14 13:23:29,070 [WARN] ModelIntegratedComponent:60 - No mode defined for component null
2022-11-14 13:23:29,070 [WARN] ModelIntegratedComponent:60 - No mode defined for component null
2022-11-14 13:23:29,070 [WARN] ModelIntegratedComponent:60 - No mode defined for component null
2022-11-14 13:23:29,070 [WARN] ModelIntegratedComponent:60 - No mode defined for component null
2022-11-14 13:23:29,070 [WARN] ModelIntegratedComponent:60 - No mode defined for component null
2022-11-14 13:23:29,071 [WARN] ModelIntegratedComponent:60 - No mode defined for component null
2022-11-14 13:23:29,071 [WARN] ModelIntegratedComponent:60 - No mode defined for component null
2022-11-14 13:23:29,071 [WARN] ModelIntegratedComponent:60 - No mode defined for component null
2022-11-14 13:23:29,075 [WARN] ApiManager:304 - Cannot register API 'Board Extension:NFC07A1' from pack STMicroelectronics.X-CUBE-NFC7.1.0.0: no header file found
2022-11-14 13:23:29,090 [INFO] RtosManager:484 - Registered RTOS mode: class=CMSIS, group=RTOS, mode=CMSIS_V1, owner=FREERTOS
2022-11-14 13:23:29,091 [INFO] RtosManager:484 - Registered RTOS mode: class=CMSIS, group=RTOS2, mode=CMSIS_V2, owner=FREERTOS
2022-11-14 13:23:29,091 [INFO] RtosManager:484 - Registered RTOS mode: class=RTOS, group=Core, mode=CMSIS_V1, owner=FREERTOS
2022-11-14 13:23:29,091 [INFO] RtosManager:484 - Registered RTOS mode: class=RTOS, group=Core, mode=CMSIS_V2, owner=FREERTOS
2022-11-14 13:23:29,091 [WARN] ModelIntegratedComponent:181 - Missing modes for component STMicroelectronics:FreeRTOS:0.0.1:STMicroelectronics:RTOS:FreeRTOS:Core:::10.2.0:
2022-11-14 13:23:29,099 [WARN] ApiManager:304 - Cannot register API 'Board Extension:S2868A1' from pack STMicroelectronics.X-CUBE-SUBG2.5.0.0: no header file found
2022-11-14 13:23:29,099 [WARN] ApiManager:304 - Cannot register API 'Board Extension:S2868A2' from pack STMicroelectronics.X-CUBE-SUBG2.5.0.0: no header file found
2022-11-14 13:23:29,099 [WARN] ApiManager:304 - Cannot register API 'Board Extension:S2915A1' from pack STMicroelectronics.X-CUBE-SUBG2.5.0.0: no header file found
2022-11-14 13:23:29,108 [WARN] ApiManager:304 - Cannot register API 'Board Extension:S2868A1' from pack STMicroelectronics.X-CUBE-SFXS2LP1.4.0.0: no header file found
2022-11-14 13:23:29,108 [WARN] ApiManager:304 - Cannot register API 'Board Extension:S2868A2' from pack STMicroelectronics.X-CUBE-SFXS2LP1.4.0.0: no header file found
2022-11-14 13:23:29,108 [WARN] ApiManager:304 - Cannot register API 'Board Extension:S2915A1' from pack STMicroelectronics.X-CUBE-SFXS2LP1.4.0.0: no header file found
2022-11-14 13:23:29,109 [WARN] ApiManager:304 - Cannot register API 'Board Extension:NFC04A1' from pack STMicroelectronics.X-CUBE-NFC4.2.0.4: no header file found
2022-11-14 13:23:30,163 [INFO] UtilMem:74 - End LoadConfig() Used Memory: 587008192 Bytes (667942912)
2022-11-14 13:23:30,166 [INFO] DbMcusXml:100 - Load MCU database from D:\Programs\STM32\STM32CubeIDE_1.7.0\STM32CubeIDE\plugins\com.st.stm32cube.common.mx_6.3.0.202107141111\\db\/mcu/families.xml
2022-11-14 13:23:31,390 [INFO] DbMcusJson:93 - JSON generation date=Tue Nov 16 23:17:54 ICT 2021 (1637079474)
2022-11-14 13:23:32,443 [INFO] DbMcus:175 - Found 1951 MCUs (1903 are supported by CubeMX, 1914 are visible in CubeMX)
2022-11-14 13:23:32,444 [INFO] ApiDb:251 - Load user favorites file C:\Users\dell/.stm32cubeide/favorites.mcus.txt: 0 item(s)
2022-11-14 13:23:32,444 [INFO] ApiDb:255 - User favorites MCUs=[]
2022-11-14 13:23:32,444 [INFO] DbMcus:187 - Set 0 / 0 favorites MCUs
2022-11-14 13:23:32,449 [WARN] ThirdParty:779 - waiting for thirdparty lock release [change project]
2022-11-14 13:23:32,449 [INFO] ThirdParty:781 - entering critical section [change project]
2022-11-14 13:23:32,449 [INFO] ThirdParty:967 - CMSIS Pack Vendor :STMicroelectronics X-CUBE-ISPU 1.1.0
2022-11-14 13:23:32,449 [INFO] ThirdParty:967 - CMSIS Pack Vendor :RoweBots I-CUBE-UNISONRTOS 5.5.0-4
2022-11-14 13:23:32,450 [INFO] ThirdParty:967 - CMSIS Pack Vendor :STMicroelectronics X-CUBE-AZRTOS-H7 2.1.0
2022-11-14 13:23:32,450 [INFO] ThirdParty:967 - CMSIS Pack Vendor :STMicroelectronics USB_HOST 2.0.0
2022-11-14 13:23:32,450 [INFO] ThirdParty:967 - CMSIS Pack Vendor :STMicroelectronics X-CUBE-AZRTOS-F4 1.1.0
2022-11-14 13:23:32,450 [INFO] ThirdParty:967 - CMSIS Pack Vendor :STMicroelectronics X-CUBE-AZRTOS-G4 1.0.0
2022-11-14 13:23:32,450 [INFO] ThirdParty:967 - CMSIS Pack Vendor :STMicroelectronics FP-ATR-SIGFOX1 3.2.0
2022-11-14 13:23:32,450 [INFO] ThirdParty:967 - CMSIS Pack Vendor :STMicroelectronics X-CUBE-AZRTOS-L4 1.0.0
2022-11-14 13:23:32,450 [INFO] ThirdParty:967 - CMSIS Pack Vendor :wolfSSL I-CUBE-wolfSSL 5.5.1
2022-11-14 13:23:32,450 [INFO] ThirdParty:967 - CMSIS Pack Vendor :STMicroelectronics USB_DEVICE 3.0.0
2022-11-14 13:23:32,450 [INFO] ThirdParty:967 - CMSIS Pack Vendor :STMicroelectronics HAL Drivers 0.0.0
2022-11-14 13:23:32,450 [INFO] ThirdParty:967 - CMSIS Pack Vendor :STMicroelectronics MBEDTLS 2.16.2
2022-11-14 13:23:32,450 [INFO] ThirdParty:967 - CMSIS Pack Vendor :emotas I-CUBE-CANOPEN 1.1.2
2022-11-14 13:23:32,450 [INFO] ThirdParty:967 - CMSIS Pack Vendor :STMicroelectronics X-CUBE-TOUCHGFX 4.20.0
2022-11-14 13:23:32,451 [INFO] ThirdParty:967 - CMSIS Pack Vendor :STMicroelectronics MBEDTLS 2.14.1
2022-11-14 13:23:32,451 [INFO] ThirdParty:967 - CMSIS Pack Vendor :STMicroelectronics X-CUBE-NFC7 1.0.0
2022-11-14 13:23:32,451 [INFO] ThirdParty:967 - CMSIS Pack Vendor :STMicroelectronics X-CUBE-BLEMGR 1.0.0
2022-11-14 13:23:32,451 [INFO] ThirdParty:967 - CMSIS Pack Vendor :STMicroelectronics X-CUBE-BLEMGR 1.2.0
2022-11-14 13:23:32,451 [INFO] ThirdParty:967 - CMSIS Pack Vendor :STMicroelectronics X-CUBE-AZRTOS-WL 1.0.0
2022-11-14 13:23:32,451 [INFO] ThirdParty:967 - CMSIS Pack Vendor :STMicroelectronics X-CUBE-AZRTOS-F7 1.1.0
2022-11-14 13:23:32,451 [INFO] ThirdParty:967 - CMSIS Pack Vendor :portGmbH I-Cube-SoM-uGOAL 1.1.0
2022-11-14 13:23:32,451 [INFO] ThirdParty:967 - CMSIS Pack Vendor :STMicroelectronics USB_DEVICE 2.0.0
2022-11-14 13:23:32,451 [INFO] ThirdParty:967 - CMSIS Pack Vendor :STMicroelectronics X-CUBE-AI 7.3.0
2022-11-14 13:23:32,451 [INFO] ThirdParty:967 - CMSIS Pack Vendor :STMicroelectronics X-CUBE-AI 7.2.0
2022-11-14 13:23:32,451 [INFO] ThirdParty:967 - CMSIS Pack Vendor :STMicroelectronics X-CUBE-ALGOBUILD 1.3.0
2022-11-14 13:23:32,452 [INFO] ThirdParty:967 - CMSIS Pack Vendor :STMicroelectronics X-CUBE-AZRTOS-L5 1.0.0
2022-11-14 13:23:32,452 [INFO] ThirdParty:967 - CMSIS Pack Vendor :STMicroelectronics FreeRTOS 0.0.1
2022-11-14 13:23:32,452 [INFO] ThirdParty:967 - CMSIS Pack Vendor :STMicroelectronics X-CUBE-AZRTOS-G0 1.1.0
2022-11-14 13:23:32,452 [INFO] ThirdParty:967 - CMSIS Pack Vendor :STMicroelectronics USB_DEVICE 1.0.0
2022-11-14 13:23:32,452 [INFO] ThirdParty:967 - CMSIS Pack Vendor :STMicroelectronics X-CUBE-SUBG2 5.0.0
2022-11-14 13:23:32,452 [INFO] ThirdParty:967 - CMSIS Pack Vendor :SEGGER I-CUBE-embOS 1.2.1
2022-11-14 13:23:32,452 [INFO] ThirdParty:967 - CMSIS Pack Vendor :STMicroelectronics ThreadX 0.0.2
2022-11-14 13:23:32,452 [INFO] ThirdParty:967 - CMSIS Pack Vendor :STMicroelectronics lwIP 2.0.3
2022-11-14 13:23:32,452 [INFO] ThirdParty:967 - CMSIS Pack Vendor :STMicroelectronics lwIP 2.1.2
2022-11-14 13:23:32,452 [INFO] ThirdParty:967 - CMSIS Pack Vendor :STMicroelectronics X-CUBE-SFXS2LP1 4.0.0
2022-11-14 13:23:32,452 [INFO] ThirdParty:967 - CMSIS Pack Vendor :STMicroelectronics X-CUBE-NFC4 2.0.4
2022-11-14 13:23:32,452 [INFO] ThirdParty:967 - CMSIS Pack Vendor :STMicroelectronics USB_HOST 1.0.0
2022-11-14 13:23:32,452 [INFO] ThirdParty:967 - CMSIS Pack Vendor :STMicroelectronics X-CUBE-TOF1 3.2.0
2022-11-14 13:23:32,453 [INFO] ThirdParty:967 - CMSIS Pack Vendor :STMicroelectronics PDM2PCM 3.1.0
2022-11-14 13:23:32,453 [INFO] ThirdParty:967 - CMSIS Pack Vendor :STMicroelectronics PDM2PCM 3.2.0
2022-11-14 13:23:32,453 [INFO] ThirdParty:967 - CMSIS Pack Vendor :STMicroelectronics PDM2PCM 3.3.0
2022-11-14 13:23:32,453 [INFO] ThirdParty:967 - CMSIS Pack Vendor :STMicroelectronics X-CUBE-TOF1 3.1.0
2022-11-14 13:23:32,453 [INFO] ThirdParty:967 - CMSIS Pack Vendor :STMicroelectronics X-CUBE-ISPU 1.0.0
2022-11-14 13:23:32,453 [INFO] ThirdParty:787 - exiting critical section [change project]
2022-11-14 13:23:32,943 [INFO] PinOutPanel:1463 - setPackage(No Configuration,No Configuration)
2022-11-14 13:23:32,945 [INFO] PinOutPanel:1463 - setPackage(STM32F103C6Tx,LQFP48)
2022-11-14 13:23:33,579 [INFO] UtilMem:74 - Before build in PCC Used Memory: 743440384 Bytes (925892608)
2022-11-14 13:23:34,432 [INFO] UtilMem:74 - After build in PCC Used Memory: 740680816 Bytes (925892608)
2022-11-14 13:23:34,461 [INFO] IPUIPlugin:74 - create IPUIPlugin
2022-11-14 13:23:34,462 [INFO] IPUIPlugin:74 - create IPUIPlugin
2022-11-14 13:23:34,462 [INFO] IPUIPlugin:74 - create IPUIPlugin
2022-11-14 13:23:34,462 [INFO] IPUIPlugin:74 - create IPUIPlugin
2022-11-14 13:23:34,462 [INFO] IPUIPlugin:74 - create IPUIPlugin
2022-11-14 13:23:34,462 [INFO] IPUIPlugin:74 - create IPUIPlugin
2022-11-14 13:23:34,462 [INFO] IPUIPlugin:74 - create IPUIPlugin
2022-11-14 13:23:34,463 [INFO] IPUIPlugin:74 - create IPUIPlugin
2022-11-14 13:23:34,463 [INFO] IPUIPlugin:74 - create IPUIPlugin
2022-11-14 13:23:34,463 [INFO] IPUIPlugin:74 - create IPUIPlugin
2022-11-14 13:23:34,463 [INFO] IPUIPlugin:74 - create IPUIPlugin
2022-11-14 13:23:34,464 [INFO] IPUIPlugin:74 - create IPUIPlugin
2022-11-14 13:23:34,464 [INFO] IPUIPlugin:74 - create IPUIPlugin
2022-11-14 13:23:34,464 [INFO] IPUIPlugin:74 - create IPUIPlugin
2022-11-14 13:23:34,465 [INFO] IPUIPlugin:74 - create IPUIPlugin
2022-11-14 13:23:34,466 [INFO] IPUIPlugin:74 - create IPUIPlugin
2022-11-14 13:23:34,467 [INFO] IPUIPlugin:74 - create IPUIPlugin
2022-11-14 13:23:34,467 [INFO] IPUIPlugin:74 - create IPUIPlugin
2022-11-14 13:23:34,467 [INFO] IPUIPlugin:74 - create IPUIPlugin
2022-11-14 13:23:34,468 [INFO] IPUIPlugin:74 - create IPUIPlugin
2022-11-14 13:23:34,468 [INFO] IPUIPlugin:74 - create IPUIPlugin
2022-11-14 13:23:34,469 [INFO] IPUIPlugin:74 - create IPUIPlugin
2022-11-14 13:23:34,469 [INFO] IPUIPlugin:74 - create IPUIPlugin
2022-11-14 13:23:34,600 [INFO] OpenFileManager:333 - Restore cursor
2022-11-14 13:23:48,904 [INFO] UtilMem:74 - End SaveConfig() Used Memory: 632038304 Bytes (947912704)
2022-11-14 13:23:51,374 [INFO] UtilMem:74 - End SaveConfig() Used Memory: 657242512 Bytes (947912704)
2022-11-14 13:23:54,470 [INFO] UtilMem:74 - End SaveConfig() Used Memory: 621833008 Bytes (947912704)
2022-11-14 13:23:54,978 [INFO] BlockDiagram:2740 - set Specific Code input for plugin: NVIC
2022-11-14 13:23:54,978 [INFO] BlockDiagram:2740 - set Specific Code input for plugin: SYS
2022-11-14 13:23:54,979 [INFO] BlockDiagram:2740 - set Specific Code input for plugin: GPIO
2022-11-14 13:23:54,979 [INFO] BlockDiagram:2740 - set Specific Code input for plugin: RCC
2022-11-14 13:23:54,979 [INFO] BlockDiagram:2740 - set Specific Code input for plugin: TIM1_8F1
2022-11-14 13:23:54,980 [INFO] CodeGenerator:663 - code generatio: config db path: D:\Programs\STM32\STM32CubeIDE_1.7.0\STM32CubeIDE\plugins\com.st.stm32cube.common.mx_6.3.0.202107141111\\db\
2022-11-14 13:23:55,421 [INFO] CodeEngine:239 - oldGeneratedFile, D:\Workspace\Lab MCU\Lab 3\STM32\Lab3\MXTmpFiles\license.tmp_save
2022-11-14 13:23:55,951 [INFO] CodeEngine:257 - Generated code: D:\Workspace\Lab MCU\Lab 3\STM32\Lab3\MXTmpFiles\license.tmp
2022-11-14 13:23:56,087 [INFO] CodeEngine:239 - oldGeneratedFile, D:\Workspace\Lab MCU\Lab 3\STM32\Lab3\MXTmpFiles\gpio.tmp_save
2022-11-14 13:23:56,180 [INFO] CodeEngine:257 - Generated code: D:\Workspace\Lab MCU\Lab 3\STM32\Lab3\MXTmpFiles\gpio.tmp
2022-11-14 13:23:56,479 [INFO] CodeEngine:239 - oldGeneratedFile, D:\Workspace\Lab MCU\Lab 3\STM32\Lab3\Core\Src\stm32f1xx_it.c_save
2022-11-14 13:23:56,637 [INFO] CodeEngine:257 - Generated code: D:\Workspace\Lab MCU\Lab 3\STM32\Lab3\Core\Src\stm32f1xx_it.c
2022-11-14 13:23:56,643 [INFO] CodeEngine:239 - oldGeneratedFile, D:\Workspace\Lab MCU\Lab 3\STM32\Lab3\Core\Inc\stm32f1xx_it.h_save
2022-11-14 13:23:56,711 [INFO] CodeEngine:257 - Generated code: D:\Workspace\Lab MCU\Lab 3\STM32\Lab3\Core\Inc\stm32f1xx_it.h
2022-11-14 13:23:56,722 [INFO] CodeEngine:239 - oldGeneratedFile, D:\Workspace\Lab MCU\Lab 3\STM32\Lab3\Core\Src\stm32f1xx_hal_msp.c_save
2022-11-14 13:23:56,847 [INFO] CodeEngine:257 - Generated code: D:\Workspace\Lab MCU\Lab 3\STM32\Lab3\Core\Src\stm32f1xx_hal_msp.c
2022-11-14 13:23:56,852 [INFO] CodeEngine:239 - oldGeneratedFile, D:\Workspace\Lab MCU\Lab 3\STM32\Lab3\MXTmpFiles\system.tmp_save
2022-11-14 13:23:56,906 [INFO] CodeEngine:257 - Generated code: D:\Workspace\Lab MCU\Lab 3\STM32\Lab3\MXTmpFiles\system.tmp
2022-11-14 13:23:56,916 [INFO] CodeEngine:239 - oldGeneratedFile, D:\Workspace\Lab MCU\Lab 3\STM32\Lab3\Core\Inc\stm32f1xx_hal_conf.h_save
2022-11-14 13:23:56,987 [INFO] CodeEngine:257 - Generated code: D:\Workspace\Lab MCU\Lab 3\STM32\Lab3\Core\Inc\stm32f1xx_hal_conf.h
2022-11-14 13:23:57,028 [WARN] IPConfigManager:3148 - IP not found : TIM
2022-11-14 13:23:57,029 [WARN] CodeGenerator:3268 - IP not found : null
2022-11-14 13:23:57,037 [INFO] CodeEngine:239 - oldGeneratedFile, D:\Workspace\Lab MCU\Lab 3\STM32\Lab3\Core\Inc\main.h_save
2022-11-14 13:23:57,135 [INFO] CodeEngine:257 - Generated code: D:\Workspace\Lab MCU\Lab 3\STM32\Lab3\Core\Inc\main.h
2022-11-14 13:23:57,141 [INFO] CodeEngine:239 - oldGeneratedFile, D:\Workspace\Lab MCU\Lab 3\STM32\Lab3\Core\Src\main.c_save
2022-11-14 13:23:57,288 [INFO] CodeEngine:257 - Generated code: D:\Workspace\Lab MCU\Lab 3\STM32\Lab3\Core\Src\main.c
2022-11-14 13:23:58,505 [INFO] ProjectBuilder:2578 - Time for Copy HAL[1] : 118mS.
2022-11-14 13:23:58,511 [INFO] ProjectBuilder:3622 - Project Generator version: 3.14.1
2022-11-14 13:23:59,151 [INFO] ConfigFileManager:1271 - The Die is : DIE412
2022-11-14 13:23:59,169 [INFO] ApiDbMcu:468 - Load IP Config File for FATFS
2022-11-14 13:23:59,203 [INFO] ApiDbMcu:468 - Load IP Config File for FREERTOS
2022-11-14 13:23:59,232 [INFO] ApiDbMcu:468 - Load IP Config File for USB_DEVICE
2022-11-14 13:24:02,702 [INFO] ProjectBuilder:3789 - Time for Generating toolchain IDE Files: 4191mS.
2022-11-14 13:24:02,703 [INFO] ProjectBuilder:2457 - Time for Copy CMSIS : 0mS.
2022-11-14 13:24:02,705 [INFO] ProjectBuilder:2457 - Time for Copy CMSIS : 0mS.
2022-11-14 13:24:43,539 [INFO] NvicIntPanel:96 - NVIC parent = com.st.microxplorer.plugins.ip.nvic.MultiNvicIntPanel[,0,0,0x0,invalid,layout=javax.swing.BoxLayout,alignmentX=0.0,alignmentY=0.0,border=,flags=9,maximumSize=,minimumSize=,preferredSize=]
2022-11-14 15:53:57,230 [INFO] MainUpdater:2671 - connection check result : 10
2022-11-14 15:53:57,230 [INFO] MainUpdater:2671 - connection check result : 10
2022-11-14 15:53:57,478 [INFO] MicroXplorer:448 - Change Database Path : 
2022-11-14 15:53:57,479 [INFO] MicroXplorer:478 - Change Database Version : DB.6.0.30
2022-11-14 15:53:57,479 [WARN] ThirdParty:813 - waiting for thirdparty lock release [close project]
2022-11-14 15:53:57,480 [INFO] ThirdParty:815 - entering critical section [close project]
2022-11-14 15:53:57,480 [INFO] ThirdParty:825 - exiting critical section [close project]
2022-11-14 15:53:57,482 [INFO] PinOutPanel:1463 - setPackage(No Configuration,No Configuration)
2022-11-14 15:53:57,490 [INFO] UtilMem:74 - Begin LoadConfig() Used Memory: 793964312 Bytes (1073741824)
2022-11-14 15:53:57,491 [INFO] MicroXplorer:448 - Change Database Path : 
2022-11-14 15:53:57,491 [INFO] MicroXplorer:478 - Change Database Version : DB.6.0.30
2022-11-14 15:53:57,491 [INFO] OpenFileManager:313 - Change cursor
2022-11-14 15:53:57,516 [INFO] RulesReader:57 - Compatibility file has been processed (242 Rules)
2022-11-14 15:53:59,376 [INFO] Context:592 - Trying to add GPIOservice into a context  which must be forbidden
2022-11-14 15:53:59,582 [WARN] ModelIntegratedComponent:60 - No mode defined for component null
2022-11-14 15:53:59,582 [WARN] ModelIntegratedComponent:60 - No mode defined for component null
2022-11-14 15:53:59,583 [WARN] ModelIntegratedComponent:60 - No mode defined for component null
2022-11-14 15:53:59,583 [WARN] ModelIntegratedComponent:60 - No mode defined for component null
2022-11-14 15:53:59,583 [WARN] ModelIntegratedComponent:60 - No mode defined for component null
2022-11-14 15:53:59,583 [WARN] ModelIntegratedComponent:60 - No mode defined for component null
2022-11-14 15:53:59,583 [WARN] ModelIntegratedComponent:60 - No mode defined for component null
2022-11-14 15:53:59,583 [WARN] ModelIntegratedComponent:60 - No mode defined for component null
2022-11-14 15:53:59,583 [WARN] ModelIntegratedComponent:60 - No mode defined for component null
2022-11-14 15:53:59,584 [WARN] ModelIntegratedComponent:60 - No mode defined for component null
2022-11-14 15:53:59,584 [WARN] ModelIntegratedComponent:60 - No mode defined for component null
2022-11-14 15:53:59,584 [WARN] ModelIntegratedComponent:60 - No mode defined for component null
2022-11-14 15:53:59,584 [WARN] ModelIntegratedComponent:60 - No mode defined for component null
2022-11-14 15:53:59,584 [WARN] ModelIntegratedComponent:60 - No mode defined for component null
2022-11-14 15:53:59,584 [WARN] ModelIntegratedComponent:60 - No mode defined for component null
2022-11-14 15:53:59,584 [WARN] ModelIntegratedComponent:60 - No mode defined for component null
2022-11-14 15:53:59,585 [WARN] ModelIntegratedComponent:60 - No mode defined for component null
2022-11-14 15:53:59,585 [WARN] ModelIntegratedComponent:60 - No mode defined for component null
2022-11-14 15:53:59,585 [WARN] ModelIntegratedComponent:60 - No mode defined for component null
2022-11-14 15:53:59,585 [WARN] ModelIntegratedComponent:60 - No mode defined for component null
2022-11-14 15:53:59,585 [WARN] ModelIntegratedComponent:60 - No mode defined for component null
2022-11-14 15:53:59,585 [WARN] ModelIntegratedComponent:60 - No mode defined for component null
2022-11-14 15:53:59,585 [WARN] ModelIntegratedComponent:60 - No mode defined for component null
2022-11-14 15:53:59,585 [WARN] ModelIntegratedComponent:60 - No mode defined for component null
2022-11-14 15:53:59,586 [WARN] ModelIntegratedComponent:60 - No mode defined for component null
2022-11-14 15:53:59,586 [WARN] ModelIntegratedComponent:60 - No mode defined for component null
2022-11-14 15:53:59,586 [WARN] ModelIntegratedComponent:60 - No mode defined for component null
2022-11-14 15:53:59,586 [WARN] ModelIntegratedComponent:60 - No mode defined for component null
2022-11-14 15:53:59,586 [WARN] ModelIntegratedComponent:60 - No mode defined for component null
2022-11-14 15:53:59,586 [WARN] ModelIntegratedComponent:60 - No mode defined for component null
2022-11-14 15:53:59,586 [WARN] ModelIntegratedComponent:60 - No mode defined for component null
2022-11-14 15:53:59,589 [WARN] ApiManager:304 - Cannot register API 'Board Extension:NFC07A1' from pack STMicroelectronics.X-CUBE-NFC7.1.0.0: no header file found
2022-11-14 15:53:59,600 [INFO] RtosManager:484 - Registered RTOS mode: class=CMSIS, group=RTOS, mode=CMSIS_V1, owner=FREERTOS
2022-11-14 15:53:59,601 [INFO] RtosManager:484 - Registered RTOS mode: class=CMSIS, group=RTOS2, mode=CMSIS_V2, owner=FREERTOS
2022-11-14 15:53:59,601 [INFO] RtosManager:484 - Registered RTOS mode: class=RTOS, group=Core, mode=CMSIS_V1, owner=FREERTOS
2022-11-14 15:53:59,601 [INFO] RtosManager:484 - Registered RTOS mode: class=RTOS, group=Core, mode=CMSIS_V2, owner=FREERTOS
2022-11-14 15:53:59,601 [WARN] ModelIntegratedComponent:181 - Missing modes for component STMicroelectronics:FreeRTOS:0.0.1:STMicroelectronics:RTOS:FreeRTOS:Core:::10.2.0:
2022-11-14 15:53:59,606 [WARN] ApiManager:304 - Cannot register API 'Board Extension:S2868A1' from pack STMicroelectronics.X-CUBE-SUBG2.5.0.0: no header file found
2022-11-14 15:53:59,606 [WARN] ApiManager:304 - Cannot register API 'Board Extension:S2868A2' from pack STMicroelectronics.X-CUBE-SUBG2.5.0.0: no header file found
2022-11-14 15:53:59,606 [WARN] ApiManager:304 - Cannot register API 'Board Extension:S2915A1' from pack STMicroelectronics.X-CUBE-SUBG2.5.0.0: no header file found
2022-11-14 15:53:59,612 [WARN] ApiManager:304 - Cannot register API 'Board Extension:S2868A1' from pack STMicroelectronics.X-CUBE-SFXS2LP1.4.0.0: no header file found
2022-11-14 15:53:59,613 [WARN] ApiManager:304 - Cannot register API 'Board Extension:S2868A2' from pack STMicroelectronics.X-CUBE-SFXS2LP1.4.0.0: no header file found
2022-11-14 15:53:59,613 [WARN] ApiManager:304 - Cannot register API 'Board Extension:S2915A1' from pack STMicroelectronics.X-CUBE-SFXS2LP1.4.0.0: no header file found
2022-11-14 15:53:59,614 [WARN] ApiManager:304 - Cannot register API 'Board Extension:NFC04A1' from pack STMicroelectronics.X-CUBE-NFC4.2.0.4: no header file found
2022-11-14 15:54:00,780 [INFO] UtilMem:74 - End LoadConfig() Used Memory: 861451632 Bytes (1073741824)
2022-11-14 15:54:00,781 [WARN] ThirdParty:779 - waiting for thirdparty lock release [change project]
2022-11-14 15:54:00,782 [INFO] ThirdParty:781 - entering critical section [change project]
2022-11-14 15:54:00,782 [INFO] ThirdParty:967 - CMSIS Pack Vendor :STMicroelectronics X-CUBE-ISPU 1.1.0
2022-11-14 15:54:00,782 [INFO] ThirdParty:967 - CMSIS Pack Vendor :RoweBots I-CUBE-UNISONRTOS 5.5.0-4
2022-11-14 15:54:00,782 [INFO] ThirdParty:967 - CMSIS Pack Vendor :STMicroelectronics X-CUBE-AZRTOS-H7 2.1.0
2022-11-14 15:54:00,782 [INFO] ThirdParty:967 - CMSIS Pack Vendor :STMicroelectronics USB_HOST 2.0.0
2022-11-14 15:54:00,782 [INFO] ThirdParty:967 - CMSIS Pack Vendor :STMicroelectronics X-CUBE-AZRTOS-F4 1.1.0
2022-11-14 15:54:00,782 [INFO] ThirdParty:967 - CMSIS Pack Vendor :STMicroelectronics X-CUBE-AZRTOS-G4 1.0.0
2022-11-14 15:54:00,782 [INFO] ThirdParty:967 - CMSIS Pack Vendor :STMicroelectronics FP-ATR-SIGFOX1 3.2.0
2022-11-14 15:54:00,783 [INFO] ThirdParty:967 - CMSIS Pack Vendor :STMicroelectronics X-CUBE-AZRTOS-L4 1.0.0
2022-11-14 15:54:00,783 [INFO] ThirdParty:967 - CMSIS Pack Vendor :wolfSSL I-CUBE-wolfSSL 5.5.1
2022-11-14 15:54:00,783 [INFO] ThirdParty:967 - CMSIS Pack Vendor :STMicroelectronics USB_DEVICE 3.0.0
2022-11-14 15:54:00,783 [INFO] ThirdParty:967 - CMSIS Pack Vendor :STMicroelectronics HAL Drivers 0.0.0
2022-11-14 15:54:00,783 [INFO] ThirdParty:967 - CMSIS Pack Vendor :STMicroelectronics MBEDTLS 2.16.2
2022-11-14 15:54:00,783 [INFO] ThirdParty:967 - CMSIS Pack Vendor :emotas I-CUBE-CANOPEN 1.1.2
2022-11-14 15:54:00,783 [INFO] ThirdParty:967 - CMSIS Pack Vendor :STMicroelectronics X-CUBE-TOUCHGFX 4.20.0
2022-11-14 15:54:00,783 [INFO] ThirdParty:967 - CMSIS Pack Vendor :STMicroelectronics MBEDTLS 2.14.1
2022-11-14 15:54:00,783 [INFO] ThirdParty:967 - CMSIS Pack Vendor :STMicroelectronics X-CUBE-NFC7 1.0.0
2022-11-14 15:54:00,783 [INFO] ThirdParty:967 - CMSIS Pack Vendor :STMicroelectronics X-CUBE-BLEMGR 1.0.0
2022-11-14 15:54:00,784 [INFO] ThirdParty:967 - CMSIS Pack Vendor :STMicroelectronics X-CUBE-BLEMGR 1.2.0
2022-11-14 15:54:00,784 [INFO] ThirdParty:967 - CMSIS Pack Vendor :STMicroelectronics X-CUBE-AZRTOS-WL 1.0.0
2022-11-14 15:54:00,784 [INFO] ThirdParty:967 - CMSIS Pack Vendor :STMicroelectronics X-CUBE-AZRTOS-F7 1.1.0
2022-11-14 15:54:00,784 [INFO] ThirdParty:967 - CMSIS Pack Vendor :portGmbH I-Cube-SoM-uGOAL 1.1.0
2022-11-14 15:54:00,784 [INFO] ThirdParty:967 - CMSIS Pack Vendor :STMicroelectronics USB_DEVICE 2.0.0
2022-11-14 15:54:00,784 [INFO] ThirdParty:967 - CMSIS Pack Vendor :STMicroelectronics X-CUBE-AI 7.3.0
2022-11-14 15:54:00,784 [INFO] ThirdParty:967 - CMSIS Pack Vendor :STMicroelectronics X-CUBE-AI 7.2.0
2022-11-14 15:54:00,784 [INFO] ThirdParty:967 - CMSIS Pack Vendor :STMicroelectronics X-CUBE-ALGOBUILD 1.3.0
2022-11-14 15:54:00,784 [INFO] ThirdParty:967 - CMSIS Pack Vendor :STMicroelectronics X-CUBE-AZRTOS-L5 1.0.0
2022-11-14 15:54:00,785 [INFO] ThirdParty:967 - CMSIS Pack Vendor :STMicroelectronics FreeRTOS 0.0.1
2022-11-14 15:54:00,785 [INFO] ThirdParty:967 - CMSIS Pack Vendor :STMicroelectronics X-CUBE-AZRTOS-G0 1.1.0
2022-11-14 15:54:00,785 [INFO] ThirdParty:967 - CMSIS Pack Vendor :STMicroelectronics USB_DEVICE 1.0.0
2022-11-14 15:54:00,785 [INFO] ThirdParty:967 - CMSIS Pack Vendor :STMicroelectronics X-CUBE-SUBG2 5.0.0
2022-11-14 15:54:00,785 [INFO] ThirdParty:967 - CMSIS Pack Vendor :SEGGER I-CUBE-embOS 1.2.1
2022-11-14 15:54:00,785 [INFO] ThirdParty:967 - CMSIS Pack Vendor :STMicroelectronics ThreadX 0.0.2
2022-11-14 15:54:00,785 [INFO] ThirdParty:967 - CMSIS Pack Vendor :STMicroelectronics lwIP 2.0.3
2022-11-14 15:54:00,785 [INFO] ThirdParty:967 - CMSIS Pack Vendor :STMicroelectronics lwIP 2.1.2
2022-11-14 15:54:00,785 [INFO] ThirdParty:967 - CMSIS Pack Vendor :STMicroelectronics X-CUBE-SFXS2LP1 4.0.0
2022-11-14 15:54:00,786 [INFO] ThirdParty:967 - CMSIS Pack Vendor :STMicroelectronics X-CUBE-NFC4 2.0.4
2022-11-14 15:54:00,786 [INFO] ThirdParty:967 - CMSIS Pack Vendor :STMicroelectronics USB_HOST 1.0.0
2022-11-14 15:54:00,786 [INFO] ThirdParty:967 - CMSIS Pack Vendor :STMicroelectronics X-CUBE-TOF1 3.2.0
2022-11-14 15:54:00,786 [INFO] ThirdParty:967 - CMSIS Pack Vendor :STMicroelectronics PDM2PCM 3.1.0
2022-11-14 15:54:00,786 [INFO] ThirdParty:967 - CMSIS Pack Vendor :STMicroelectronics PDM2PCM 3.2.0
2022-11-14 15:54:00,786 [INFO] ThirdParty:967 - CMSIS Pack Vendor :STMicroelectronics PDM2PCM 3.3.0
2022-11-14 15:54:00,786 [INFO] ThirdParty:967 - CMSIS Pack Vendor :STMicroelectronics X-CUBE-TOF1 3.1.0
2022-11-14 15:54:00,786 [INFO] ThirdParty:967 - CMSIS Pack Vendor :STMicroelectronics X-CUBE-ISPU 1.0.0
2022-11-14 15:54:00,786 [INFO] ThirdParty:787 - exiting critical section [change project]
2022-11-14 15:54:00,946 [INFO] PinOutPanel:1463 - setPackage(No Configuration,No Configuration)
2022-11-14 15:54:00,947 [INFO] PinOutPanel:1463 - setPackage(STM32F103C6Tx,LQFP48)
2022-11-14 15:54:01,253 [INFO] UtilMem:74 - Before build in PCC Used Memory: 713317168 Bytes (1073741824)
2022-11-14 15:54:01,522 [INFO] UtilMem:74 - After build in PCC Used Memory: 782000944 Bytes (1073741824)
2022-11-14 15:54:01,539 [INFO] IPUIPlugin:74 - create IPUIPlugin
2022-11-14 15:54:01,539 [INFO] IPUIPlugin:74 - create IPUIPlugin
2022-11-14 15:54:01,539 [INFO] IPUIPlugin:74 - create IPUIPlugin
2022-11-14 15:54:01,539 [INFO] IPUIPlugin:74 - create IPUIPlugin
2022-11-14 15:54:01,539 [INFO] IPUIPlugin:74 - create IPUIPlugin
2022-11-14 15:54:01,540 [INFO] IPUIPlugin:74 - create IPUIPlugin
2022-11-14 15:54:01,540 [INFO] IPUIPlugin:74 - create IPUIPlugin
2022-11-14 15:54:01,540 [INFO] IPUIPlugin:74 - create IPUIPlugin
2022-11-14 15:54:01,540 [INFO] IPUIPlugin:74 - create IPUIPlugin
2022-11-14 15:54:01,540 [INFO] IPUIPlugin:74 - create IPUIPlugin
2022-11-14 15:54:01,541 [INFO] IPUIPlugin:74 - create IPUIPlugin
2022-11-14 15:54:01,541 [INFO] IPUIPlugin:74 - create IPUIPlugin
2022-11-14 15:54:01,542 [INFO] IPUIPlugin:74 - create IPUIPlugin
2022-11-14 15:54:01,542 [INFO] IPUIPlugin:74 - create IPUIPlugin
2022-11-14 15:54:01,542 [INFO] IPUIPlugin:74 - create IPUIPlugin
2022-11-14 15:54:01,543 [INFO] IPUIPlugin:74 - create IPUIPlugin
2022-11-14 15:54:01,543 [INFO] IPUIPlugin:74 - create IPUIPlugin
2022-11-14 15:54:01,543 [INFO] IPUIPlugin:74 - create IPUIPlugin
2022-11-14 15:54:01,544 [INFO] IPUIPlugin:74 - create IPUIPlugin
2022-11-14 15:54:01,544 [INFO] IPUIPlugin:74 - create IPUIPlugin
2022-11-14 15:54:01,544 [INFO] IPUIPlugin:74 - create IPUIPlugin
2022-11-14 15:54:01,545 [INFO] IPUIPlugin:74 - create IPUIPlugin
2022-11-14 15:54:01,546 [INFO] IPUIPlugin:74 - create IPUIPlugin
2022-11-14 15:54:01,558 [INFO] OpenFileManager:333 - Restore cursor
2022-11-14 15:54:09,831 [INFO] NvicIntPanel:96 - NVIC parent = com.st.microxplorer.plugins.ip.nvic.MultiNvicIntPanel[,0,0,0x0,invalid,layout=javax.swing.BoxLayout,alignmentX=0.0,alignmentY=0.0,border=,flags=9,maximumSize=,minimumSize=,preferredSize=]
2022-11-14 15:54:30,773 [INFO] DbMcusDocs:143 - JSON generation date=Tue Nov 16 23:17:54 ICT 2021 (1637079474)
2022-11-14 15:54:31,321 [INFO] DbMcusDocs:79 - Found 682 MCUs documents
2022-11-14 15:54:31,493 [INFO] Gpio:254 - dependency for GPIO []
